[debug] [2025-02-20T01:15:03.457Z] ----------------------------------------------------------------------
[debug] [2025-02-20T01:15:03.459Z] Command:       /usr/local/bin/node /usr/local/bin/firebase deploy --only functions
[debug] [2025-02-20T01:15:03.460Z] CLI Version:   13.29.1
[debug] [2025-02-20T01:15:03.460Z] Platform:      darwin
[debug] [2025-02-20T01:15:03.460Z] Node Version:  v22.14.0
[debug] [2025-02-20T01:15:03.460Z] Time:          Thu Feb 20 2025 06:45:03 GMT+0530 (India Standard Time)
[debug] [2025-02-20T01:15:03.460Z] ----------------------------------------------------------------------
[debug] 
[debug] [2025-02-20T01:15:03.527Z] > command requires scopes: ["email","openid","https://www.googleapis.com/auth/cloudplatformprojects.readonly","https://www.googleapis.com/auth/firebase","https://www.googleapis.com/auth/cloud-platform"]
[debug] [2025-02-20T01:15:03.528Z] > authorizing via signed-in user (morankarsourabh@gmail.com)
[debug] [2025-02-20T01:15:03.528Z] [iam] checking project brandblitz-one for permissions ["cloudfunctions.functions.create","cloudfunctions.functions.delete","cloudfunctions.functions.get","cloudfunctions.functions.list","cloudfunctions.functions.update","cloudfunctions.operations.get","firebase.projects.get"]
[debug] [2025-02-20T01:15:03.529Z] Checked if tokens are valid: true, expires at: 1740015587821
[debug] [2025-02-20T01:15:03.529Z] Checked if tokens are valid: true, expires at: 1740015587821
[debug] [2025-02-20T01:15:03.530Z] >>> [apiv2][query] POST https://cloudresourcemanager.googleapis.com/v1/projects/brandblitz-one:testIamPermissions [none]
[debug] [2025-02-20T01:15:03.530Z] >>> [apiv2][(partial)header] POST https://cloudresourcemanager.googleapis.com/v1/projects/brandblitz-one:testIamPermissions x-goog-quota-user=projects/brandblitz-one
[debug] [2025-02-20T01:15:03.530Z] >>> [apiv2][body] POST https://cloudresourcemanager.googleapis.com/v1/projects/brandblitz-one:testIamPermissions {"permissions":["cloudfunctions.functions.create","cloudfunctions.functions.delete","cloudfunctions.functions.get","cloudfunctions.functions.list","cloudfunctions.functions.update","cloudfunctions.operations.get","firebase.projects.get"]}
[debug] [2025-02-20T01:15:05.228Z] <<< [apiv2][status] POST https://cloudresourcemanager.googleapis.com/v1/projects/brandblitz-one:testIamPermissions 200
[debug] [2025-02-20T01:15:05.228Z] <<< [apiv2][body] POST https://cloudresourcemanager.googleapis.com/v1/projects/brandblitz-one:testIamPermissions {"permissions":["cloudfunctions.functions.create","cloudfunctions.functions.delete","cloudfunctions.functions.get","cloudfunctions.functions.list","cloudfunctions.functions.update","cloudfunctions.operations.get","firebase.projects.get"]}
[debug] [2025-02-20T01:15:05.229Z] Checked if tokens are valid: true, expires at: 1740015587821
[debug] [2025-02-20T01:15:05.229Z] Checked if tokens are valid: true, expires at: 1740015587821
[debug] [2025-02-20T01:15:05.229Z] >>> [apiv2][query] POST https://iam.googleapis.com/v1/projects/brandblitz-one/serviceAccounts/brandblitz-one@appspot.gserviceaccount.com:testIamPermissions [none]
[debug] [2025-02-20T01:15:05.229Z] >>> [apiv2][body] POST https://iam.googleapis.com/v1/projects/brandblitz-one/serviceAccounts/brandblitz-one@appspot.gserviceaccount.com:testIamPermissions {"permissions":["iam.serviceAccounts.actAs"]}
[debug] [2025-02-20T01:15:06.960Z] <<< [apiv2][status] POST https://iam.googleapis.com/v1/projects/brandblitz-one/serviceAccounts/brandblitz-one@appspot.gserviceaccount.com:testIamPermissions 404
[debug] [2025-02-20T01:15:06.960Z] <<< [apiv2][body] POST https://iam.googleapis.com/v1/projects/brandblitz-one/serviceAccounts/brandblitz-one@appspot.gserviceaccount.com:testIamPermissions {"error":{"code":404,"message":"Unknown service account","status":"NOT_FOUND"}}
[debug] [2025-02-20T01:15:06.960Z] [functions] service account IAM check errored, deploy may fail: Request to https://iam.googleapis.com/v1/projects/brandblitz-one/serviceAccounts/brandblitz-one@appspot.gserviceaccount.com:testIamPermissions had HTTP Error: 404, Unknown service account {"name":"FirebaseError","children":[],"context":{"body":{"error":{"code":404,"message":"Unknown service account","status":"NOT_FOUND"}},"response":{"statusCode":404}},"exit":1,"message":"Request to https://iam.googleapis.com/v1/projects/brandblitz-one/serviceAccounts/brandblitz-one@appspot.gserviceaccount.com:testIamPermissions had HTTP Error: 404, Unknown service account","status":404}
[info] 
[info] === Deploying to 'brandblitz-one'...
[info] 
[info] i  deploying functions 
[info] Running command: npm --prefix "$RESOURCE_DIR" run build
[info] ✔  functions: Finished running predeploy script. 
[debug] [2025-02-20T01:15:12.294Z] Checked if tokens are valid: true, expires at: 1740015587821
[debug] [2025-02-20T01:15:12.294Z] Checked if tokens are valid: true, expires at: 1740015587821
[debug] [2025-02-20T01:15:12.294Z] >>> [apiv2][query] GET https://cloudresourcemanager.googleapis.com/v1/projects/brandblitz-one [none]
[debug] [2025-02-20T01:15:13.821Z] <<< [apiv2][status] GET https://cloudresourcemanager.googleapis.com/v1/projects/brandblitz-one 200
[debug] [2025-02-20T01:15:13.821Z] <<< [apiv2][body] GET https://cloudresourcemanager.googleapis.com/v1/projects/brandblitz-one {"projectNumber":"665204979652","projectId":"brandblitz-one","lifecycleState":"ACTIVE","name":"BrandBlitz","labels":{"firebase":"enabled","firebase-core":"disabled","generative-language":"enabled"},"createTime":"2024-12-05T17:09:40.168379Z"}
[info] i  functions: preparing codebase default for deployment 
[info] i  functions: ensuring required API cloudfunctions.googleapis.com is enabled... 
[debug] [2025-02-20T01:15:13.823Z] Checked if tokens are valid: true, expires at: 1740015587821
[debug] [2025-02-20T01:15:13.823Z] Checked if tokens are valid: true, expires at: 1740015587821
[debug] [2025-02-20T01:15:13.823Z] Checked if tokens are valid: true, expires at: 1740015587821
[debug] [2025-02-20T01:15:13.823Z] Checked if tokens are valid: true, expires at: 1740015587821
[info] i  functions: ensuring required API cloudbuild.googleapis.com is enabled... 
[debug] [2025-02-20T01:15:13.824Z] Checked if tokens are valid: true, expires at: 1740015587821
[debug] [2025-02-20T01:15:13.824Z] Checked if tokens are valid: true, expires at: 1740015587821
[info] i  artifactregistry: ensuring required API artifactregistry.googleapis.com is enabled... 
[debug] [2025-02-20T01:15:13.824Z] Checked if tokens are valid: true, expires at: 1740015587821
[debug] [2025-02-20T01:15:13.824Z] Checked if tokens are valid: true, expires at: 1740015587821
[debug] [2025-02-20T01:15:13.824Z] >>> [apiv2][query] GET https://serviceusage.googleapis.com/v1/projects/brandblitz-one/services/cloudfunctions.googleapis.com [none]
[debug] [2025-02-20T01:15:13.824Z] >>> [apiv2][(partial)header] GET https://serviceusage.googleapis.com/v1/projects/brandblitz-one/services/cloudfunctions.googleapis.com x-goog-quota-user=projects/brandblitz-one
[debug] [2025-02-20T01:15:13.826Z] >>> [apiv2][query] GET https://serviceusage.googleapis.com/v1/projects/brandblitz-one/services/runtimeconfig.googleapis.com [none]
[debug] [2025-02-20T01:15:13.826Z] >>> [apiv2][(partial)header] GET https://serviceusage.googleapis.com/v1/projects/brandblitz-one/services/runtimeconfig.googleapis.com x-goog-quota-user=projects/brandblitz-one
[debug] [2025-02-20T01:15:13.827Z] >>> [apiv2][query] GET https://serviceusage.googleapis.com/v1/projects/brandblitz-one/services/cloudbuild.googleapis.com [none]
[debug] [2025-02-20T01:15:13.827Z] >>> [apiv2][(partial)header] GET https://serviceusage.googleapis.com/v1/projects/brandblitz-one/services/cloudbuild.googleapis.com x-goog-quota-user=projects/brandblitz-one
[debug] [2025-02-20T01:15:13.828Z] >>> [apiv2][query] GET https://serviceusage.googleapis.com/v1/projects/brandblitz-one/services/artifactregistry.googleapis.com [none]
[debug] [2025-02-20T01:15:13.829Z] >>> [apiv2][(partial)header] GET https://serviceusage.googleapis.com/v1/projects/brandblitz-one/services/artifactregistry.googleapis.com x-goog-quota-user=projects/brandblitz-one
[debug] [2025-02-20T01:15:15.974Z] <<< [apiv2][status] GET https://serviceusage.googleapis.com/v1/projects/brandblitz-one/services/runtimeconfig.googleapis.com 200
[debug] [2025-02-20T01:15:15.974Z] <<< [apiv2][body] GET https://serviceusage.googleapis.com/v1/projects/brandblitz-one/services/runtimeconfig.googleapis.com [omitted]
[debug] [2025-02-20T01:15:15.981Z] <<< [apiv2][status] GET https://serviceusage.googleapis.com/v1/projects/brandblitz-one/services/cloudbuild.googleapis.com 200
[debug] [2025-02-20T01:15:15.981Z] <<< [apiv2][body] GET https://serviceusage.googleapis.com/v1/projects/brandblitz-one/services/cloudbuild.googleapis.com [omitted]
[warn] ⚠  functions: missing required API cloudbuild.googleapis.com. Enabling now... 
[debug] [2025-02-20T01:15:15.982Z] Checked if tokens are valid: true, expires at: 1740015587821
[debug] [2025-02-20T01:15:15.982Z] Checked if tokens are valid: true, expires at: 1740015587821
[debug] [2025-02-20T01:15:15.982Z] >>> [apiv2][query] POST https://serviceusage.googleapis.com/v1/projects/brandblitz-one/services/cloudbuild.googleapis.com:enable [none]
[debug] [2025-02-20T01:15:15.982Z] >>> [apiv2][(partial)header] POST https://serviceusage.googleapis.com/v1/projects/brandblitz-one/services/cloudbuild.googleapis.com:enable x-goog-quota-user=projects/brandblitz-one
[debug] [2025-02-20T01:15:15.991Z] <<< [apiv2][status] GET https://serviceusage.googleapis.com/v1/projects/brandblitz-one/services/artifactregistry.googleapis.com 200
[debug] [2025-02-20T01:15:15.991Z] <<< [apiv2][body] GET https://serviceusage.googleapis.com/v1/projects/brandblitz-one/services/artifactregistry.googleapis.com [omitted]
[info] ✔  artifactregistry: required API artifactregistry.googleapis.com is enabled 
[debug] [2025-02-20T01:15:16.215Z] <<< [apiv2][status] GET https://serviceusage.googleapis.com/v1/projects/brandblitz-one/services/cloudfunctions.googleapis.com 200
[debug] [2025-02-20T01:15:16.215Z] <<< [apiv2][body] GET https://serviceusage.googleapis.com/v1/projects/brandblitz-one/services/cloudfunctions.googleapis.com [omitted]
[info] ✔  functions: required API cloudfunctions.googleapis.com is enabled 
[debug] [2025-02-20T01:15:16.687Z] <<< [apiv2][status] POST https://serviceusage.googleapis.com/v1/projects/brandblitz-one/services/cloudbuild.googleapis.com:enable 200
[debug] [2025-02-20T01:15:16.687Z] <<< [apiv2][body] POST https://serviceusage.googleapis.com/v1/projects/brandblitz-one/services/cloudbuild.googleapis.com:enable [omitted]
[debug] [2025-02-20T01:15:26.688Z] Checked if tokens are valid: true, expires at: 1740015587821
[debug] [2025-02-20T01:15:26.688Z] Checked if tokens are valid: true, expires at: 1740015587821
[debug] [2025-02-20T01:15:26.689Z] >>> [apiv2][query] GET https://serviceusage.googleapis.com/v1/projects/brandblitz-one/services/cloudbuild.googleapis.com [none]
[debug] [2025-02-20T01:15:26.689Z] >>> [apiv2][(partial)header] GET https://serviceusage.googleapis.com/v1/projects/brandblitz-one/services/cloudbuild.googleapis.com x-goog-quota-user=projects/brandblitz-one
[debug] [2025-02-20T01:15:28.413Z] <<< [apiv2][status] GET https://serviceusage.googleapis.com/v1/projects/brandblitz-one/services/cloudbuild.googleapis.com 200
[debug] [2025-02-20T01:15:28.413Z] <<< [apiv2][body] GET https://serviceusage.googleapis.com/v1/projects/brandblitz-one/services/cloudbuild.googleapis.com [omitted]
[info] ✔  functions: required API cloudbuild.googleapis.com is enabled 
[debug] [2025-02-20T01:15:28.417Z] Checked if tokens are valid: true, expires at: 1740015587821
[debug] [2025-02-20T01:15:28.417Z] Checked if tokens are valid: true, expires at: 1740015587821
[debug] [2025-02-20T01:15:28.417Z] >>> [apiv2][query] GET https://firebase.googleapis.com/v1beta1/projects/brandblitz-one/adminSdkConfig [none]
[debug] [2025-02-20T01:15:29.608Z] <<< [apiv2][status] GET https://firebase.googleapis.com/v1beta1/projects/brandblitz-one/adminSdkConfig 200
[debug] [2025-02-20T01:15:29.608Z] <<< [apiv2][body] GET https://firebase.googleapis.com/v1beta1/projects/brandblitz-one/adminSdkConfig {"projectId":"brandblitz-one","databaseURL":"https://brandblitz-one-default-rtdb.firebaseio.com","storageBucket":"brandblitz-one.firebasestorage.app"}
[debug] [2025-02-20T01:15:29.609Z] Checked if tokens are valid: true, expires at: 1740015587821
[debug] [2025-02-20T01:15:29.609Z] Checked if tokens are valid: true, expires at: 1740015587821
[debug] [2025-02-20T01:15:29.609Z] >>> [apiv2][query] GET https://runtimeconfig.googleapis.com/v1beta1/projects/brandblitz-one/configs [none]
[debug] [2025-02-20T01:15:30.410Z] <<< [apiv2][status] GET https://runtimeconfig.googleapis.com/v1beta1/projects/brandblitz-one/configs 200
[debug] [2025-02-20T01:15:30.410Z] <<< [apiv2][body] GET https://runtimeconfig.googleapis.com/v1beta1/projects/brandblitz-one/configs {"configs":[{"name":"projects/brandblitz-one/configs/paypal"}]}
[debug] [2025-02-20T01:15:30.410Z] Checked if tokens are valid: true, expires at: 1740015587821
[debug] [2025-02-20T01:15:30.410Z] Checked if tokens are valid: true, expires at: 1740015587821
[debug] [2025-02-20T01:15:30.410Z] >>> [apiv2][query] GET https://runtimeconfig.googleapis.com/v1beta1/projects/brandblitz-one/configs/paypal/variables [none]
[debug] [2025-02-20T01:15:30.707Z] <<< [apiv2][status] GET https://runtimeconfig.googleapis.com/v1beta1/projects/brandblitz-one/configs/paypal/variables 200
[debug] [2025-02-20T01:15:30.708Z] <<< [apiv2][body] GET https://runtimeconfig.googleapis.com/v1beta1/projects/brandblitz-one/configs/paypal/variables {"variables":[{"name":"projects/brandblitz-one/configs/paypal/variables/webhook_id","updateTime":"2025-02-20T01:09:12.697756875Z"},{"name":"projects/brandblitz-one/configs/paypal/variables/client_id","updateTime":"2025-02-20T01:09:12.523922169Z"},{"name":"projects/brandblitz-one/configs/paypal/variables/client_secret","updateTime":"2025-02-20T01:09:12.509459111Z"}]}
[debug] [2025-02-20T01:15:30.708Z] Checked if tokens are valid: true, expires at: 1740015587821
[debug] [2025-02-20T01:15:30.708Z] Checked if tokens are valid: true, expires at: 1740015587821
[debug] [2025-02-20T01:15:30.708Z] Checked if tokens are valid: true, expires at: 1740015587821
[debug] [2025-02-20T01:15:30.709Z] Checked if tokens are valid: true, expires at: 1740015587821
[debug] [2025-02-20T01:15:30.709Z] Checked if tokens are valid: true, expires at: 1740015587821
[debug] [2025-02-20T01:15:30.709Z] Checked if tokens are valid: true, expires at: 1740015587821
[debug] [2025-02-20T01:15:30.709Z] >>> [apiv2][query] GET https://runtimeconfig.googleapis.com/v1beta1/projects/brandblitz-one/configs/paypal/variables/webhook_id [none]
[debug] [2025-02-20T01:15:30.709Z] >>> [apiv2][query] GET https://runtimeconfig.googleapis.com/v1beta1/projects/brandblitz-one/configs/paypal/variables/client_id [none]
[debug] [2025-02-20T01:15:30.711Z] >>> [apiv2][query] GET https://runtimeconfig.googleapis.com/v1beta1/projects/brandblitz-one/configs/paypal/variables/client_secret [none]
[debug] [2025-02-20T01:15:31.126Z] <<< [apiv2][status] GET https://runtimeconfig.googleapis.com/v1beta1/projects/brandblitz-one/configs/paypal/variables/client_secret 200
[debug] [2025-02-20T01:15:31.126Z] <<< [apiv2][body] GET https://runtimeconfig.googleapis.com/v1beta1/projects/brandblitz-one/configs/paypal/variables/client_secret {"name":"projects/brandblitz-one/configs/paypal/variables/client_secret","updateTime":"2025-02-20T01:09:12.509459111Z","text":"EDtoQeUB5eY5znNS4YKOf1Ui4Jpm0yZ4rhxG7DlhlY20UFIb7QcAp6LmCCPP4KV9Xpea6k0_LNpywds6"}
[debug] [2025-02-20T01:15:31.127Z] <<< [apiv2][status] GET https://runtimeconfig.googleapis.com/v1beta1/projects/brandblitz-one/configs/paypal/variables/webhook_id 200
[debug] [2025-02-20T01:15:31.127Z] <<< [apiv2][body] GET https://runtimeconfig.googleapis.com/v1beta1/projects/brandblitz-one/configs/paypal/variables/webhook_id {"name":"projects/brandblitz-one/configs/paypal/variables/webhook_id","updateTime":"2025-02-20T01:09:12.697756875Z","text":"WH-77687562XN25889J8-8Y6T55435R66168T6"}
[debug] [2025-02-20T01:15:31.314Z] <<< [apiv2][status] GET https://runtimeconfig.googleapis.com/v1beta1/projects/brandblitz-one/configs/paypal/variables/client_id 200
[debug] [2025-02-20T01:15:31.314Z] <<< [apiv2][body] GET https://runtimeconfig.googleapis.com/v1beta1/projects/brandblitz-one/configs/paypal/variables/client_id {"name":"projects/brandblitz-one/configs/paypal/variables/client_id","updateTime":"2025-02-20T01:09:12.523922169Z","text":"AaiKpbRAZWZNBVzWmeyvkjav7RvXl4anOOIO_Wp6JuEjoBJMPZ1imMq7TjE-BViWCLv_oXOaZu-_zXnb"}
[debug] [2025-02-20T01:15:31.316Z] Validating nodejs source
[debug] [2025-02-20T01:15:32.167Z] > [functions] package.json contents: {
  "name": "functions",
  "scripts": {
    "build": "tsc",
    "build:watch": "tsc --watch",
    "serve": "npm run build && firebase emulators:start --only functions",
    "shell": "npm run build && firebase functions:shell",
    "start": "npm run shell",
    "deploy": "firebase deploy --only functions",
    "logs": "firebase functions:log"
  },
  "engines": {
    "node": "22"
  },
  "main": "lib/index.js",
  "dependencies": {
    "@google-cloud/storage": "^7.15.1",
    "firebase-admin": "^13.1.0",
    "firebase-functions": "^6.0.1"
  },
  "devDependencies": {
    "firebase-functions-test": "^3.1.0",
    "typescript": "^5.7.3"
  },
  "private": true
}
[debug] [2025-02-20T01:15:32.167Z] Building nodejs source
[info] i  functions: Loading and analyzing source code for codebase default to determine what to deploy 
[debug] [2025-02-20T01:15:32.168Z] Could not find functions.yaml. Must use http discovery
[debug] [2025-02-20T01:15:32.178Z] Found firebase-functions binary at '/Users/abcom/Desktop/Projects/In Progress/BrandBlitz/App/grok/functions/node_modules/.bin/firebase-functions'
[info] Serving at port 8507

[debug] [2025-02-20T01:15:33.517Z] Got response from /__/functions.yaml {"endpoints":{"paypalWebhook":{"availableMemoryMb":null,"timeoutSeconds":null,"minInstances":null,"maxInstances":null,"ingressSettings":null,"concurrency":null,"serviceAccountEmail":null,"vpc":null,"platform":"gcfv2","labels":{},"httpsTrigger":{},"entryPoint":"paypalWebhook"}},"specVersion":"v1alpha1","requiredAPIs":[],"extensions":{}}
[info] i  extensions: ensuring required API firebaseextensions.googleapis.com is enabled... 
[debug] [2025-02-20T01:15:37.541Z] Checked if tokens are valid: true, expires at: 1740015587821
[debug] [2025-02-20T01:15:37.541Z] Checked if tokens are valid: true, expires at: 1740015587821
[debug] [2025-02-20T01:15:37.541Z] >>> [apiv2][query] GET https://serviceusage.googleapis.com/v1/projects/brandblitz-one/services/firebaseextensions.googleapis.com [none]
[debug] [2025-02-20T01:15:37.541Z] >>> [apiv2][(partial)header] GET https://serviceusage.googleapis.com/v1/projects/brandblitz-one/services/firebaseextensions.googleapis.com x-goog-quota-user=projects/brandblitz-one
[debug] [2025-02-20T01:15:39.318Z] <<< [apiv2][status] GET https://serviceusage.googleapis.com/v1/projects/brandblitz-one/services/firebaseextensions.googleapis.com 200
[debug] [2025-02-20T01:15:39.319Z] <<< [apiv2][body] GET https://serviceusage.googleapis.com/v1/projects/brandblitz-one/services/firebaseextensions.googleapis.com [omitted]
[info] ✔  extensions: required API firebaseextensions.googleapis.com is enabled 
[debug] [2025-02-20T01:15:39.319Z] > command requires scopes: ["email","openid","https://www.googleapis.com/auth/cloudplatformprojects.readonly","https://www.googleapis.com/auth/firebase","https://www.googleapis.com/auth/cloud-platform"]
[debug] [2025-02-20T01:15:39.319Z] > authorizing via signed-in user (morankarsourabh@gmail.com)
[debug] [2025-02-20T01:15:39.319Z] [iam] checking project brandblitz-one for permissions ["firebase.projects.get","firebaseextensions.instances.list"]
[debug] [2025-02-20T01:15:39.319Z] Checked if tokens are valid: true, expires at: 1740015587821
[debug] [2025-02-20T01:15:39.320Z] Checked if tokens are valid: true, expires at: 1740015587821
[debug] [2025-02-20T01:15:39.320Z] >>> [apiv2][query] POST https://cloudresourcemanager.googleapis.com/v1/projects/brandblitz-one:testIamPermissions [none]
[debug] [2025-02-20T01:15:39.320Z] >>> [apiv2][(partial)header] POST https://cloudresourcemanager.googleapis.com/v1/projects/brandblitz-one:testIamPermissions x-goog-quota-user=projects/brandblitz-one
[debug] [2025-02-20T01:15:39.320Z] >>> [apiv2][body] POST https://cloudresourcemanager.googleapis.com/v1/projects/brandblitz-one:testIamPermissions {"permissions":["firebase.projects.get","firebaseextensions.instances.list"]}
[debug] [2025-02-20T01:15:40.761Z] <<< [apiv2][status] POST https://cloudresourcemanager.googleapis.com/v1/projects/brandblitz-one:testIamPermissions 200
[debug] [2025-02-20T01:15:40.761Z] <<< [apiv2][body] POST https://cloudresourcemanager.googleapis.com/v1/projects/brandblitz-one:testIamPermissions {"permissions":["firebase.projects.get","firebaseextensions.instances.list"]}
[debug] [2025-02-20T01:15:40.762Z] Checked if tokens are valid: true, expires at: 1740015587821
[debug] [2025-02-20T01:15:40.762Z] Checked if tokens are valid: true, expires at: 1740015587821
[debug] [2025-02-20T01:15:40.762Z] >>> [apiv2][query] GET https://firebaseextensions.googleapis.com/v1beta/projects/brandblitz-one/instances pageSize=100&pageToken=
[debug] [2025-02-20T01:15:42.517Z] <<< [apiv2][status] GET https://firebaseextensions.googleapis.com/v1beta/projects/brandblitz-one/instances 200
[debug] [2025-02-20T01:15:42.517Z] <<< [apiv2][body] GET https://firebaseextensions.googleapis.com/v1beta/projects/brandblitz-one/instances {}
[info] i  functions: preparing functions directory for uploading... 
[info] i  functions: packaged /Users/abcom/Desktop/Projects/In Progress/BrandBlitz/App/grok/functions (34.65 KB) for uploading 
[debug] [2025-02-20T01:15:42.566Z] Checked if tokens are valid: true, expires at: 1740015587821
[debug] [2025-02-20T01:15:42.566Z] Checked if tokens are valid: true, expires at: 1740015587821
[debug] [2025-02-20T01:15:42.566Z] >>> [apiv2][query] GET https://cloudfunctions.googleapis.com/v1/projects/brandblitz-one/locations/-/functions [none]
[debug] [2025-02-20T01:15:43.619Z] <<< [apiv2][status] GET https://cloudfunctions.googleapis.com/v1/projects/brandblitz-one/locations/-/functions 200
[debug] [2025-02-20T01:15:43.619Z] <<< [apiv2][body] GET https://cloudfunctions.googleapis.com/v1/projects/brandblitz-one/locations/-/functions {}
[debug] [2025-02-20T01:15:43.619Z] Checked if tokens are valid: true, expires at: 1740015587821
[debug] [2025-02-20T01:15:43.619Z] Checked if tokens are valid: true, expires at: 1740015587821
[debug] [2025-02-20T01:15:43.620Z] >>> [apiv2][query] GET https://cloudfunctions.googleapis.com/v2/projects/brandblitz-one/locations/-/functions filter=environment%3D%22GEN_2%22
[debug] [2025-02-20T01:15:45.281Z] <<< [apiv2][status] GET https://cloudfunctions.googleapis.com/v2/projects/brandblitz-one/locations/-/functions 200
[debug] [2025-02-20T01:15:45.281Z] <<< [apiv2][body] GET https://cloudfunctions.googleapis.com/v2/projects/brandblitz-one/locations/-/functions {}
[info] i  functions: ensuring required API run.googleapis.com is enabled... 
[debug] [2025-02-20T01:15:45.284Z] Checked if tokens are valid: true, expires at: 1740015587821
[debug] [2025-02-20T01:15:45.284Z] Checked if tokens are valid: true, expires at: 1740015587821
[info] i  functions: ensuring required API eventarc.googleapis.com is enabled... 
[debug] [2025-02-20T01:15:45.284Z] Checked if tokens are valid: true, expires at: 1740015587821
[debug] [2025-02-20T01:15:45.284Z] Checked if tokens are valid: true, expires at: 1740015587821
[info] i  functions: ensuring required API pubsub.googleapis.com is enabled... 
[debug] [2025-02-20T01:15:45.284Z] Checked if tokens are valid: true, expires at: 1740015587821
[debug] [2025-02-20T01:15:45.284Z] Checked if tokens are valid: true, expires at: 1740015587821
[info] i  functions: ensuring required API storage.googleapis.com is enabled... 
[debug] [2025-02-20T01:15:45.285Z] Checked if tokens are valid: true, expires at: 1740015587821
[debug] [2025-02-20T01:15:45.285Z] Checked if tokens are valid: true, expires at: 1740015587821
[debug] [2025-02-20T01:15:45.285Z] >>> [apiv2][query] GET https://serviceusage.googleapis.com/v1/projects/brandblitz-one/services/run.googleapis.com [none]
[debug] [2025-02-20T01:15:45.285Z] >>> [apiv2][(partial)header] GET https://serviceusage.googleapis.com/v1/projects/brandblitz-one/services/run.googleapis.com x-goog-quota-user=projects/brandblitz-one
[debug] [2025-02-20T01:15:45.287Z] >>> [apiv2][query] GET https://serviceusage.googleapis.com/v1/projects/brandblitz-one/services/eventarc.googleapis.com [none]
[debug] [2025-02-20T01:15:45.287Z] >>> [apiv2][(partial)header] GET https://serviceusage.googleapis.com/v1/projects/brandblitz-one/services/eventarc.googleapis.com x-goog-quota-user=projects/brandblitz-one
[debug] [2025-02-20T01:15:45.288Z] >>> [apiv2][query] GET https://serviceusage.googleapis.com/v1/projects/brandblitz-one/services/pubsub.googleapis.com [none]
[debug] [2025-02-20T01:15:45.288Z] >>> [apiv2][(partial)header] GET https://serviceusage.googleapis.com/v1/projects/brandblitz-one/services/pubsub.googleapis.com x-goog-quota-user=projects/brandblitz-one
[debug] [2025-02-20T01:15:45.290Z] >>> [apiv2][query] GET https://serviceusage.googleapis.com/v1/projects/brandblitz-one/services/storage.googleapis.com [none]
[debug] [2025-02-20T01:15:45.290Z] >>> [apiv2][(partial)header] GET https://serviceusage.googleapis.com/v1/projects/brandblitz-one/services/storage.googleapis.com x-goog-quota-user=projects/brandblitz-one
[debug] [2025-02-20T01:15:46.984Z] <<< [apiv2][status] GET https://serviceusage.googleapis.com/v1/projects/brandblitz-one/services/run.googleapis.com 200
[debug] [2025-02-20T01:15:46.985Z] <<< [apiv2][body] GET https://serviceusage.googleapis.com/v1/projects/brandblitz-one/services/run.googleapis.com [omitted]
[warn] ⚠  functions: missing required API run.googleapis.com. Enabling now... 
[debug] [2025-02-20T01:15:46.985Z] Checked if tokens are valid: true, expires at: 1740015587821
[debug] [2025-02-20T01:15:46.985Z] Checked if tokens are valid: true, expires at: 1740015587821
[debug] [2025-02-20T01:15:46.985Z] >>> [apiv2][query] POST https://serviceusage.googleapis.com/v1/projects/brandblitz-one/services/run.googleapis.com:enable [none]
[debug] [2025-02-20T01:15:46.986Z] >>> [apiv2][(partial)header] POST https://serviceusage.googleapis.com/v1/projects/brandblitz-one/services/run.googleapis.com:enable x-goog-quota-user=projects/brandblitz-one
[debug] [2025-02-20T01:15:46.989Z] <<< [apiv2][status] GET https://serviceusage.googleapis.com/v1/projects/brandblitz-one/services/pubsub.googleapis.com 200
[debug] [2025-02-20T01:15:46.990Z] <<< [apiv2][body] GET https://serviceusage.googleapis.com/v1/projects/brandblitz-one/services/pubsub.googleapis.com [omitted]
[info] ✔  functions: required API pubsub.googleapis.com is enabled 
[debug] [2025-02-20T01:15:46.991Z] <<< [apiv2][status] GET https://serviceusage.googleapis.com/v1/projects/brandblitz-one/services/eventarc.googleapis.com 200
[debug] [2025-02-20T01:15:46.992Z] <<< [apiv2][body] GET https://serviceusage.googleapis.com/v1/projects/brandblitz-one/services/eventarc.googleapis.com [omitted]
[warn] ⚠  functions: missing required API eventarc.googleapis.com. Enabling now... 
[debug] [2025-02-20T01:15:46.992Z] Checked if tokens are valid: true, expires at: 1740015587821
[debug] [2025-02-20T01:15:46.992Z] Checked if tokens are valid: true, expires at: 1740015587821
[debug] [2025-02-20T01:15:46.992Z] >>> [apiv2][query] POST https://serviceusage.googleapis.com/v1/projects/brandblitz-one/services/eventarc.googleapis.com:enable [none]
[debug] [2025-02-20T01:15:46.992Z] >>> [apiv2][(partial)header] POST https://serviceusage.googleapis.com/v1/projects/brandblitz-one/services/eventarc.googleapis.com:enable x-goog-quota-user=projects/brandblitz-one
[debug] [2025-02-20T01:15:46.994Z] <<< [apiv2][status] GET https://serviceusage.googleapis.com/v1/projects/brandblitz-one/services/storage.googleapis.com 200
[debug] [2025-02-20T01:15:46.994Z] <<< [apiv2][body] GET https://serviceusage.googleapis.com/v1/projects/brandblitz-one/services/storage.googleapis.com [omitted]
[info] ✔  functions: required API storage.googleapis.com is enabled 
[debug] [2025-02-20T01:15:47.594Z] <<< [apiv2][status] POST https://serviceusage.googleapis.com/v1/projects/brandblitz-one/services/run.googleapis.com:enable 200
[debug] [2025-02-20T01:15:47.594Z] <<< [apiv2][body] POST https://serviceusage.googleapis.com/v1/projects/brandblitz-one/services/run.googleapis.com:enable [omitted]
[debug] [2025-02-20T01:15:48.942Z] <<< [apiv2][status] POST https://serviceusage.googleapis.com/v1/projects/brandblitz-one/services/eventarc.googleapis.com:enable 200
[debug] [2025-02-20T01:15:48.942Z] <<< [apiv2][body] POST https://serviceusage.googleapis.com/v1/projects/brandblitz-one/services/eventarc.googleapis.com:enable [omitted]
[debug] [2025-02-20T01:15:57.595Z] Checked if tokens are valid: true, expires at: 1740015587821
[debug] [2025-02-20T01:15:57.595Z] Checked if tokens are valid: true, expires at: 1740015587821
[debug] [2025-02-20T01:15:57.596Z] >>> [apiv2][query] GET https://serviceusage.googleapis.com/v1/projects/brandblitz-one/services/run.googleapis.com [none]
[debug] [2025-02-20T01:15:57.596Z] >>> [apiv2][(partial)header] GET https://serviceusage.googleapis.com/v1/projects/brandblitz-one/services/run.googleapis.com x-goog-quota-user=projects/brandblitz-one
[debug] [2025-02-20T01:15:58.943Z] Checked if tokens are valid: true, expires at: 1740015587821
[debug] [2025-02-20T01:15:58.943Z] Checked if tokens are valid: true, expires at: 1740015587821
[debug] [2025-02-20T01:15:58.943Z] >>> [apiv2][query] GET https://serviceusage.googleapis.com/v1/projects/brandblitz-one/services/eventarc.googleapis.com [none]
[debug] [2025-02-20T01:15:58.943Z] >>> [apiv2][(partial)header] GET https://serviceusage.googleapis.com/v1/projects/brandblitz-one/services/eventarc.googleapis.com x-goog-quota-user=projects/brandblitz-one
[debug] [2025-02-20T01:15:59.388Z] <<< [apiv2][status] GET https://serviceusage.googleapis.com/v1/projects/brandblitz-one/services/run.googleapis.com 200
[debug] [2025-02-20T01:15:59.388Z] <<< [apiv2][body] GET https://serviceusage.googleapis.com/v1/projects/brandblitz-one/services/run.googleapis.com [omitted]
[info] ✔  functions: required API run.googleapis.com is enabled 
[debug] [2025-02-20T01:16:00.663Z] <<< [apiv2][status] GET https://serviceusage.googleapis.com/v1/projects/brandblitz-one/services/eventarc.googleapis.com 200
[debug] [2025-02-20T01:16:00.664Z] <<< [apiv2][body] GET https://serviceusage.googleapis.com/v1/projects/brandblitz-one/services/eventarc.googleapis.com [omitted]
[info] ✔  functions: required API eventarc.googleapis.com is enabled 
[info] i  functions: generating the service identity for pubsub.googleapis.com... 
[debug] [2025-02-20T01:16:00.665Z] Checked if tokens are valid: true, expires at: 1740015587821
[debug] [2025-02-20T01:16:00.665Z] Checked if tokens are valid: true, expires at: 1740015587821
[info] i  functions: generating the service identity for eventarc.googleapis.com... 
[debug] [2025-02-20T01:16:00.665Z] Checked if tokens are valid: true, expires at: 1740015587821
[debug] [2025-02-20T01:16:00.665Z] Checked if tokens are valid: true, expires at: 1740015587821
[debug] [2025-02-20T01:16:00.665Z] >>> [apiv2][query] POST https://serviceusage.googleapis.com/v1beta1/projects/665204979652/services/pubsub.googleapis.com:generateServiceIdentity [none]
[debug] [2025-02-20T01:16:00.665Z] >>> [apiv2][query] POST https://serviceusage.googleapis.com/v1beta1/projects/665204979652/services/eventarc.googleapis.com:generateServiceIdentity [none]
[debug] [2025-02-20T01:16:01.435Z] <<< [apiv2][status] POST https://serviceusage.googleapis.com/v1beta1/projects/665204979652/services/pubsub.googleapis.com:generateServiceIdentity 200
[debug] [2025-02-20T01:16:01.435Z] <<< [apiv2][body] POST https://serviceusage.googleapis.com/v1beta1/projects/665204979652/services/pubsub.googleapis.com:generateServiceIdentity {"name":"operations/finished.DONE_OPERATION","done":true,"response":{"@type":"type.googleapis.com/google.api.serviceusage.v1beta1.ServiceIdentity","email":"service-665204979652@gcp-sa-pubsub.iam.gserviceaccount.com","uniqueId":"100580167963753371485"}}
[debug] [2025-02-20T01:16:01.436Z] <<< [apiv2][status] POST https://serviceusage.googleapis.com/v1beta1/projects/665204979652/services/eventarc.googleapis.com:generateServiceIdentity 200
[debug] [2025-02-20T01:16:01.436Z] <<< [apiv2][body] POST https://serviceusage.googleapis.com/v1beta1/projects/665204979652/services/eventarc.googleapis.com:generateServiceIdentity {"name":"operations/finished.DONE_OPERATION","done":true,"response":{"@type":"type.googleapis.com/google.api.serviceusage.v1beta1.ServiceIdentity","email":"service-665204979652@gcp-sa-eventarc.iam.gserviceaccount.com","uniqueId":"117616561292749874970"}}
[debug] [2025-02-20T01:16:01.438Z] Checked if tokens are valid: true, expires at: 1740015587821
[debug] [2025-02-20T01:16:01.438Z] Checked if tokens are valid: true, expires at: 1740015587821
[debug] [2025-02-20T01:16:01.438Z] >>> [apiv2][query] GET https://cloudresourcemanager.googleapis.com/v1/projects/brandblitz-one [none]
[debug] [2025-02-20T01:16:02.972Z] <<< [apiv2][status] GET https://cloudresourcemanager.googleapis.com/v1/projects/brandblitz-one 200
[debug] [2025-02-20T01:16:02.973Z] <<< [apiv2][body] GET https://cloudresourcemanager.googleapis.com/v1/projects/brandblitz-one {"projectNumber":"665204979652","projectId":"brandblitz-one","lifecycleState":"ACTIVE","name":"BrandBlitz","labels":{"firebase":"enabled","firebase-core":"disabled","generative-language":"enabled"},"createTime":"2024-12-05T17:09:40.168379Z"}
[debug] [2025-02-20T01:16:02.974Z] Checked if tokens are valid: true, expires at: 1740015587821
[debug] [2025-02-20T01:16:02.974Z] Checked if tokens are valid: true, expires at: 1740015587821
[debug] [2025-02-20T01:16:02.974Z] >>> [apiv2][query] GET https://cloudbilling.googleapis.com/v1/projects/brandblitz-one/billingInfo [none]
[debug] [2025-02-20T01:16:04.713Z] <<< [apiv2][status] GET https://cloudbilling.googleapis.com/v1/projects/brandblitz-one/billingInfo 200
[debug] [2025-02-20T01:16:04.713Z] <<< [apiv2][body] GET https://cloudbilling.googleapis.com/v1/projects/brandblitz-one/billingInfo {"name":"projects/brandblitz-one/billingInfo","projectId":"brandblitz-one","billingAccountName":"billingAccounts/01C1C9-B9CAB8-DD20FB","billingEnabled":true}
[debug] [2025-02-20T01:16:04.715Z] [functions] found 1 new HTTP functions, testing setIamPolicy permission...
[debug] [2025-02-20T01:16:04.715Z] Checked if tokens are valid: true, expires at: 1740015587821
[debug] [2025-02-20T01:16:04.715Z] Checked if tokens are valid: true, expires at: 1740015587821
[debug] [2025-02-20T01:16:04.715Z] >>> [apiv2][query] POST https://cloudresourcemanager.googleapis.com/v1/projects/brandblitz-one:testIamPermissions [none]
[debug] [2025-02-20T01:16:04.715Z] >>> [apiv2][(partial)header] POST https://cloudresourcemanager.googleapis.com/v1/projects/brandblitz-one:testIamPermissions x-goog-quota-user=projects/brandblitz-one
[debug] [2025-02-20T01:16:04.715Z] >>> [apiv2][body] POST https://cloudresourcemanager.googleapis.com/v1/projects/brandblitz-one:testIamPermissions {"permissions":["cloudfunctions.functions.setIamPolicy"]}
[debug] [2025-02-20T01:16:04.981Z] <<< [apiv2][status] POST https://cloudresourcemanager.googleapis.com/v1/projects/brandblitz-one:testIamPermissions 200
[debug] [2025-02-20T01:16:04.981Z] <<< [apiv2][body] POST https://cloudresourcemanager.googleapis.com/v1/projects/brandblitz-one:testIamPermissions {"permissions":["cloudfunctions.functions.setIamPolicy"]}
[debug] [2025-02-20T01:16:04.981Z] [functions] found setIamPolicy permission, proceeding with deploy
[debug] [2025-02-20T01:16:04.982Z] Checked if tokens are valid: true, expires at: 1740015587821
[debug] [2025-02-20T01:16:04.982Z] Checked if tokens are valid: true, expires at: 1740015587821
[debug] [2025-02-20T01:16:04.982Z] >>> [apiv2][query] POST https://cloudfunctions.googleapis.com/v2/projects/brandblitz-one/locations/us-central1/functions:generateUploadUrl [none]
[debug] [2025-02-20T01:16:11.777Z] <<< [apiv2][status] POST https://cloudfunctions.googleapis.com/v2/projects/brandblitz-one/locations/us-central1/functions:generateUploadUrl 200
[debug] [2025-02-20T01:16:11.777Z] <<< [apiv2][body] POST https://cloudfunctions.googleapis.com/v2/projects/brandblitz-one/locations/us-central1/functions:generateUploadUrl {"uploadUrl":"https://storage.googleapis.com/gcf-v2-uploads-665204979652.us-central1.cloudfunctions.appspot.com/267545a8-4f14-4052-8029-c565bccfecb2.zip?GoogleAccessId=service-665204979652@gcf-admin-robot.iam.gserviceaccount.com&Expires=1740015971&Signature=ss%2FXaSp35UWXcxMCPbtmeLQCuykCZf1vk5MHMP0ighn6EdJr45sitzfsrSg35mIaxUu%2BwiQ9ptWJbLdKd1gpH3oS6JeewqiFE7SFrQrwhEjzHSqhO51lpnj4KAPibN3I%2F2hVn2pEFXRp1zAjVIofqU65LOM3adTQCr7YPDoYqpxIUcIQXs5dm%2Fj4%2FnngtlBCSVNkK6rIMh7cC56v4TkJBuxGSahmzjnnJ8RK41TedrjOQI%2Bvod%2BLZCLTdHtaoBpk0r0KSphUJmjWV2%2F6lBhxRAgPXF%2FnudRle%2Bi8xNF9tGk3yoBOKUrL%2BEhnJnQx%2Fw84m2dKDWm5Ol2qksYCmNfdfA%3D%3D","storageSource":{"bucket":"gcf-v2-uploads-665204979652.us-central1.cloudfunctions.appspot.com","object":"267545a8-4f14-4052-8029-c565bccfecb2.zip"}}
[debug] [2025-02-20T01:16:11.779Z] >>> [apiv2][query] PUT https://storage.googleapis.com/gcf-v2-uploads-665204979652.us-central1.cloudfunctions.appspot.com/267545a8-4f14-4052-8029-c565bccfecb2.zip GoogleAccessId=service-665204979652%40gcf-admin-robot.iam.gserviceaccount.com&Expires=1740015971&Signature=ss%2FXaSp35UWXcxMCPbtmeLQCuykCZf1vk5MHMP0ighn6EdJr45sitzfsrSg35mIaxUu%2BwiQ9ptWJbLdKd1gpH3oS6JeewqiFE7SFrQrwhEjzHSqhO51lpnj4KAPibN3I%2F2hVn2pEFXRp1zAjVIofqU65LOM3adTQCr7YPDoYqpxIUcIQXs5dm%2Fj4%2FnngtlBCSVNkK6rIMh7cC56v4TkJBuxGSahmzjnnJ8RK41TedrjOQI%2Bvod%2BLZCLTdHtaoBpk0r0KSphUJmjWV2%2F6lBhxRAgPXF%2FnudRle%2Bi8xNF9tGk3yoBOKUrL%2BEhnJnQx%2Fw84m2dKDWm5Ol2qksYCmNfdfA%3D%3D
[debug] [2025-02-20T01:16:11.779Z] >>> [apiv2][body] PUT https://storage.googleapis.com/gcf-v2-uploads-665204979652.us-central1.cloudfunctions.appspot.com/267545a8-4f14-4052-8029-c565bccfecb2.zip [stream]
[debug] [2025-02-20T01:16:14.014Z] <<< [apiv2][status] PUT https://storage.googleapis.com/gcf-v2-uploads-665204979652.us-central1.cloudfunctions.appspot.com/267545a8-4f14-4052-8029-c565bccfecb2.zip 200
[debug] [2025-02-20T01:16:14.014Z] <<< [apiv2][body] PUT https://storage.googleapis.com/gcf-v2-uploads-665204979652.us-central1.cloudfunctions.appspot.com/267545a8-4f14-4052-8029-c565bccfecb2.zip [omitted]
[info] ✔  functions: functions folder uploaded successfully 
[info] i  functions: creating Node.js 22 (2nd Gen) function paypalWebhook(us-central1)... 
[debug] [2025-02-20T01:16:14.019Z] Checked if tokens are valid: true, expires at: 1740015587821
[debug] [2025-02-20T01:16:14.019Z] Checked if tokens are valid: true, expires at: 1740015587821
[debug] [2025-02-20T01:16:14.020Z] >>> [apiv2][query] POST https://cloudfunctions.googleapis.com/v2/projects/brandblitz-one/locations/us-central1/functions functionId=paypalWebhook
[debug] [2025-02-20T01:16:14.020Z] >>> [apiv2][body] POST https://cloudfunctions.googleapis.com/v2/projects/brandblitz-one/locations/us-central1/functions {"name":"projects/brandblitz-one/locations/us-central1/functions/paypalWebhook","buildConfig":{"runtime":"nodejs22","entryPoint":"paypalWebhook","source":{"storageSource":{"bucket":"gcf-v2-uploads-665204979652.us-central1.cloudfunctions.appspot.com","object":"267545a8-4f14-4052-8029-c565bccfecb2.zip"}},"environmentVariables":{"GOOGLE_NODE_RUN_SCRIPTS":""}},"serviceConfig":{"environmentVariables":{"FIREBASE_CONFIG":"{\"projectId\":\"brandblitz-one\",\"databaseURL\":\"https://brandblitz-one-default-rtdb.firebaseio.com\",\"storageBucket\":\"brandblitz-one.firebasestorage.app\"}","GCLOUD_PROJECT":"brandblitz-one","EVENTARC_CLOUD_EVENT_SOURCE":"projects/brandblitz-one/locations/us-central1/services/paypalWebhook","FUNCTION_TARGET":"paypalWebhook"},"ingressSettings":null,"timeoutSeconds":null,"serviceAccountEmail":null,"availableMemory":"256Mi","minInstanceCount":null,"maxInstanceCount":null,"maxInstanceRequestConcurrency":80,"availableCpu":"1","vpcConnector":null,"vpcConnectorEgressSettings":null},"labels":{"deployment-tool":"cli-firebase","firebase-functions-hash":"280a8206aeb3ba7c5534753a6cd9140ba809fe1e"}}
[debug] [2025-02-20T01:16:16.794Z] <<< [apiv2][status] POST https://cloudfunctions.googleapis.com/v2/projects/brandblitz-one/locations/us-central1/functions 200
[debug] [2025-02-20T01:16:16.794Z] <<< [apiv2][body] POST https://cloudfunctions.googleapis.com/v2/projects/brandblitz-one/locations/us-central1/functions {"name":"projects/brandblitz-one/locations/us-central1/operations/operation-1740014175265-62e889ed222a5-4b2d04d0-92ecf537","metadata":{"@type":"type.googleapis.com/google.cloud.functions.v2.OperationMetadata","createTime":"2025-02-20T01:16:16.660779768Z","target":"projects/brandblitz-one/locations/us-central1/functions/paypalWebhook","verb":"create","cancelRequested":false,"apiVersion":"v2"},"done":false}
[debug] [2025-02-20T01:16:16.794Z] Checked if tokens are valid: true, expires at: 1740015587821
[debug] [2025-02-20T01:16:16.794Z] Checked if tokens are valid: true, expires at: 1740015587821
[debug] [2025-02-20T01:16:16.794Z] >>> [apiv2][query] GET https://cloudfunctions.googleapis.com/v2/projects/brandblitz-one/locations/us-central1/operations/operation-1740014175265-62e889ed222a5-4b2d04d0-92ecf537 [none]
[debug] [2025-02-20T01:16:18.083Z] <<< [apiv2][status] GET https://cloudfunctions.googleapis.com/v2/projects/brandblitz-one/locations/us-central1/operations/operation-1740014175265-62e889ed222a5-4b2d04d0-92ecf537 200
[debug] [2025-02-20T01:16:18.084Z] <<< [apiv2][body] GET https://cloudfunctions.googleapis.com/v2/projects/brandblitz-one/locations/us-central1/operations/operation-1740014175265-62e889ed222a5-4b2d04d0-92ecf537 {"name":"projects/brandblitz-one/locations/us-central1/operations/operation-1740014175265-62e889ed222a5-4b2d04d0-92ecf537","metadata":{"@type":"type.googleapis.com/google.cloud.functions.v2.OperationMetadata","createTime":"2025-02-20T01:16:16.660779768Z","target":"projects/brandblitz-one/locations/us-central1/functions/paypalWebhook","verb":"create","cancelRequested":false,"apiVersion":"v2","requestResource":{"@type":"type.googleapis.com/google.cloud.functions.v2.Function","name":"projects/brandblitz-one/locations/us-central1/functions/paypalWebhook","buildConfig":{"runtime":"nodejs22","entryPoint":"paypalWebhook","source":{"storageSource":{"bucket":"gcf-v2-sources-665204979652-us-central1","object":"paypalWebhook/function-source.zip","generation":"1740014176312812"}},"environmentVariables":{"GOOGLE_NODE_RUN_SCRIPTS":""},"serviceAccount":"projects/brandblitz-one/serviceAccounts/665204979652-compute@developer.gserviceaccount.com","automaticUpdatePolicy":{}},"serviceConfig":{"service":"projects/brandblitz-one/locations/us-central1/services/paypalwebhook","timeoutSeconds":60,"environmentVariables":{"FIREBASE_CONFIG":"{\"projectId\":\"brandblitz-one\",\"databaseURL\":\"https://brandblitz-one-default-rtdb.firebaseio.com\",\"storageBucket\":\"brandblitz-one.firebasestorage.app\"}","GCLOUD_PROJECT":"brandblitz-one","EVENTARC_CLOUD_EVENT_SOURCE":"projects/brandblitz-one/locations/us-central1/services/paypalWebhook","FUNCTION_TARGET":"paypalWebhook","LOG_EXECUTION_ID":"true"},"ingressSettings":"ALLOW_ALL","serviceAccountEmail":"665204979652-compute@developer.gserviceaccount.com","availableMemory":"256Mi","maxInstanceRequestConcurrency":80,"availableCpu":"1"},"labels":{"deployment-tool":"cli-firebase","firebase-functions-hash":"280a8206aeb3ba7c5534753a6cd9140ba809fe1e"},"environment":"GEN_2"},"stages":[{"name":"BUILD","state":"NOT_STARTED"},{"name":"SERVICE","state":"NOT_STARTED"}],"operationType":"CREATE_FUNCTION"},"done":false}
[debug] [2025-02-20T01:16:18.584Z] [create-default-us-central1-paypalWebhook] Retrying task index 0
[debug] [2025-02-20T01:16:18.585Z] Checked if tokens are valid: true, expires at: 1740015587821
[debug] [2025-02-20T01:16:18.585Z] Checked if tokens are valid: true, expires at: 1740015587821
[debug] [2025-02-20T01:16:18.585Z] >>> [apiv2][query] GET https://cloudfunctions.googleapis.com/v2/projects/brandblitz-one/locations/us-central1/operations/operation-1740014175265-62e889ed222a5-4b2d04d0-92ecf537 [none]
[debug] [2025-02-20T01:16:19.965Z] <<< [apiv2][status] GET https://cloudfunctions.googleapis.com/v2/projects/brandblitz-one/locations/us-central1/operations/operation-1740014175265-62e889ed222a5-4b2d04d0-92ecf537 200
[debug] [2025-02-20T01:16:19.966Z] <<< [apiv2][body] GET https://cloudfunctions.googleapis.com/v2/projects/brandblitz-one/locations/us-central1/operations/operation-1740014175265-62e889ed222a5-4b2d04d0-92ecf537 {"name":"projects/brandblitz-one/locations/us-central1/operations/operation-1740014175265-62e889ed222a5-4b2d04d0-92ecf537","metadata":{"@type":"type.googleapis.com/google.cloud.functions.v2.OperationMetadata","createTime":"2025-02-20T01:16:16.660779768Z","target":"projects/brandblitz-one/locations/us-central1/functions/paypalWebhook","verb":"create","cancelRequested":false,"apiVersion":"v2","requestResource":{"@type":"type.googleapis.com/google.cloud.functions.v2.Function","name":"projects/brandblitz-one/locations/us-central1/functions/paypalWebhook","buildConfig":{"runtime":"nodejs22","entryPoint":"paypalWebhook","source":{"storageSource":{"bucket":"gcf-v2-sources-665204979652-us-central1","object":"paypalWebhook/function-source.zip","generation":"1740014176312812"}},"environmentVariables":{"GOOGLE_NODE_RUN_SCRIPTS":""},"serviceAccount":"projects/brandblitz-one/serviceAccounts/665204979652-compute@developer.gserviceaccount.com","automaticUpdatePolicy":{}},"serviceConfig":{"service":"projects/brandblitz-one/locations/us-central1/services/paypalwebhook","timeoutSeconds":60,"environmentVariables":{"FIREBASE_CONFIG":"{\"projectId\":\"brandblitz-one\",\"databaseURL\":\"https://brandblitz-one-default-rtdb.firebaseio.com\",\"storageBucket\":\"brandblitz-one.firebasestorage.app\"}","GCLOUD_PROJECT":"brandblitz-one","EVENTARC_CLOUD_EVENT_SOURCE":"projects/brandblitz-one/locations/us-central1/services/paypalWebhook","FUNCTION_TARGET":"paypalWebhook","LOG_EXECUTION_ID":"true"},"ingressSettings":"ALLOW_ALL","serviceAccountEmail":"665204979652-compute@developer.gserviceaccount.com","availableMemory":"256Mi","maxInstanceRequestConcurrency":80,"availableCpu":"1"},"labels":{"deployment-tool":"cli-firebase","firebase-functions-hash":"280a8206aeb3ba7c5534753a6cd9140ba809fe1e"},"environment":"GEN_2"},"stages":[{"name":"BUILD","state":"NOT_STARTED"},{"name":"SERVICE","state":"NOT_STARTED"}],"operationType":"CREATE_FUNCTION"},"done":false}
[debug] [2025-02-20T01:16:20.965Z] [create-default-us-central1-paypalWebhook] Retrying task index 0
[debug] [2025-02-20T01:16:20.966Z] Checked if tokens are valid: true, expires at: 1740015587821
[debug] [2025-02-20T01:16:20.966Z] Checked if tokens are valid: true, expires at: 1740015587821
[debug] [2025-02-20T01:16:20.966Z] >>> [apiv2][query] GET https://cloudfunctions.googleapis.com/v2/projects/brandblitz-one/locations/us-central1/operations/operation-1740014175265-62e889ed222a5-4b2d04d0-92ecf537 [none]
[debug] [2025-02-20T01:16:22.324Z] <<< [apiv2][status] GET https://cloudfunctions.googleapis.com/v2/projects/brandblitz-one/locations/us-central1/operations/operation-1740014175265-62e889ed222a5-4b2d04d0-92ecf537 200
[debug] [2025-02-20T01:16:22.324Z] <<< [apiv2][body] GET https://cloudfunctions.googleapis.com/v2/projects/brandblitz-one/locations/us-central1/operations/operation-1740014175265-62e889ed222a5-4b2d04d0-92ecf537 {"name":"projects/brandblitz-one/locations/us-central1/operations/operation-1740014175265-62e889ed222a5-4b2d04d0-92ecf537","metadata":{"@type":"type.googleapis.com/google.cloud.functions.v2.OperationMetadata","createTime":"2025-02-20T01:16:16.660779768Z","target":"projects/brandblitz-one/locations/us-central1/functions/paypalWebhook","verb":"create","cancelRequested":false,"apiVersion":"v2","requestResource":{"@type":"type.googleapis.com/google.cloud.functions.v2.Function","name":"projects/brandblitz-one/locations/us-central1/functions/paypalWebhook","buildConfig":{"runtime":"nodejs22","entryPoint":"paypalWebhook","source":{"storageSource":{"bucket":"gcf-v2-sources-665204979652-us-central1","object":"paypalWebhook/function-source.zip","generation":"1740014176312812"}},"environmentVariables":{"GOOGLE_NODE_RUN_SCRIPTS":""},"serviceAccount":"projects/brandblitz-one/serviceAccounts/665204979652-compute@developer.gserviceaccount.com","automaticUpdatePolicy":{}},"serviceConfig":{"service":"projects/brandblitz-one/locations/us-central1/services/paypalwebhook","timeoutSeconds":60,"environmentVariables":{"FIREBASE_CONFIG":"{\"projectId\":\"brandblitz-one\",\"databaseURL\":\"https://brandblitz-one-default-rtdb.firebaseio.com\",\"storageBucket\":\"brandblitz-one.firebasestorage.app\"}","GCLOUD_PROJECT":"brandblitz-one","EVENTARC_CLOUD_EVENT_SOURCE":"projects/brandblitz-one/locations/us-central1/services/paypalWebhook","FUNCTION_TARGET":"paypalWebhook","LOG_EXECUTION_ID":"true"},"ingressSettings":"ALLOW_ALL","serviceAccountEmail":"665204979652-compute@developer.gserviceaccount.com","availableMemory":"256Mi","maxInstanceRequestConcurrency":80,"availableCpu":"1"},"labels":{"deployment-tool":"cli-firebase","firebase-functions-hash":"280a8206aeb3ba7c5534753a6cd9140ba809fe1e"},"environment":"GEN_2"},"stages":[{"name":"BUILD","state":"NOT_STARTED"},{"name":"SERVICE","state":"NOT_STARTED"}],"operationType":"CREATE_FUNCTION"},"done":false}
[debug] [2025-02-20T01:16:24.324Z] [create-default-us-central1-paypalWebhook] Retrying task index 0
[debug] [2025-02-20T01:16:24.325Z] Checked if tokens are valid: true, expires at: 1740015587821
[debug] [2025-02-20T01:16:24.325Z] Checked if tokens are valid: true, expires at: 1740015587821
[debug] [2025-02-20T01:16:24.325Z] >>> [apiv2][query] GET https://cloudfunctions.googleapis.com/v2/projects/brandblitz-one/locations/us-central1/operations/operation-1740014175265-62e889ed222a5-4b2d04d0-92ecf537 [none]
[debug] [2025-02-20T01:16:25.703Z] <<< [apiv2][status] GET https://cloudfunctions.googleapis.com/v2/projects/brandblitz-one/locations/us-central1/operations/operation-1740014175265-62e889ed222a5-4b2d04d0-92ecf537 200
[debug] [2025-02-20T01:16:25.704Z] <<< [apiv2][body] GET https://cloudfunctions.googleapis.com/v2/projects/brandblitz-one/locations/us-central1/operations/operation-1740014175265-62e889ed222a5-4b2d04d0-92ecf537 {"name":"projects/brandblitz-one/locations/us-central1/operations/operation-1740014175265-62e889ed222a5-4b2d04d0-92ecf537","metadata":{"@type":"type.googleapis.com/google.cloud.functions.v2.OperationMetadata","createTime":"2025-02-20T01:16:16.660779768Z","target":"projects/brandblitz-one/locations/us-central1/functions/paypalWebhook","verb":"create","cancelRequested":false,"apiVersion":"v2","requestResource":{"@type":"type.googleapis.com/google.cloud.functions.v2.Function","name":"projects/brandblitz-one/locations/us-central1/functions/paypalWebhook","buildConfig":{"runtime":"nodejs22","entryPoint":"paypalWebhook","source":{"storageSource":{"bucket":"gcf-v2-sources-665204979652-us-central1","object":"paypalWebhook/function-source.zip","generation":"1740014176312812"}},"environmentVariables":{"GOOGLE_NODE_RUN_SCRIPTS":""},"serviceAccount":"projects/brandblitz-one/serviceAccounts/665204979652-compute@developer.gserviceaccount.com","automaticUpdatePolicy":{}},"serviceConfig":{"service":"projects/brandblitz-one/locations/us-central1/services/paypalwebhook","timeoutSeconds":60,"environmentVariables":{"FIREBASE_CONFIG":"{\"projectId\":\"brandblitz-one\",\"databaseURL\":\"https://brandblitz-one-default-rtdb.firebaseio.com\",\"storageBucket\":\"brandblitz-one.firebasestorage.app\"}","GCLOUD_PROJECT":"brandblitz-one","EVENTARC_CLOUD_EVENT_SOURCE":"projects/brandblitz-one/locations/us-central1/services/paypalWebhook","FUNCTION_TARGET":"paypalWebhook","LOG_EXECUTION_ID":"true"},"ingressSettings":"ALLOW_ALL","serviceAccountEmail":"665204979652-compute@developer.gserviceaccount.com","availableMemory":"256Mi","maxInstanceRequestConcurrency":80,"availableCpu":"1"},"labels":{"deployment-tool":"cli-firebase","firebase-functions-hash":"280a8206aeb3ba7c5534753a6cd9140ba809fe1e"},"environment":"GEN_2"},"stages":[{"name":"BUILD","state":"NOT_STARTED"},{"name":"SERVICE","state":"NOT_STARTED"}],"operationType":"CREATE_FUNCTION"},"done":false}
[debug] [2025-02-20T01:16:29.704Z] [create-default-us-central1-paypalWebhook] Retrying task index 0
[debug] [2025-02-20T01:16:29.704Z] Checked if tokens are valid: true, expires at: 1740015587821
[debug] [2025-02-20T01:16:29.704Z] Checked if tokens are valid: true, expires at: 1740015587821
[debug] [2025-02-20T01:16:29.704Z] >>> [apiv2][query] GET https://cloudfunctions.googleapis.com/v2/projects/brandblitz-one/locations/us-central1/operations/operation-1740014175265-62e889ed222a5-4b2d04d0-92ecf537 [none]
[debug] [2025-02-20T01:16:31.009Z] <<< [apiv2][status] GET https://cloudfunctions.googleapis.com/v2/projects/brandblitz-one/locations/us-central1/operations/operation-1740014175265-62e889ed222a5-4b2d04d0-92ecf537 200
[debug] [2025-02-20T01:16:31.009Z] <<< [apiv2][body] GET https://cloudfunctions.googleapis.com/v2/projects/brandblitz-one/locations/us-central1/operations/operation-1740014175265-62e889ed222a5-4b2d04d0-92ecf537 {"name":"projects/brandblitz-one/locations/us-central1/operations/operation-1740014175265-62e889ed222a5-4b2d04d0-92ecf537","metadata":{"@type":"type.googleapis.com/google.cloud.functions.v2.OperationMetadata","createTime":"2025-02-20T01:16:16.660779768Z","target":"projects/brandblitz-one/locations/us-central1/functions/paypalWebhook","verb":"create","cancelRequested":false,"apiVersion":"v2","requestResource":{"@type":"type.googleapis.com/google.cloud.functions.v2.Function","name":"projects/brandblitz-one/locations/us-central1/functions/paypalWebhook","buildConfig":{"runtime":"nodejs22","entryPoint":"paypalWebhook","source":{"storageSource":{"bucket":"gcf-v2-sources-665204979652-us-central1","object":"paypalWebhook/function-source.zip","generation":"1740014176312812"}},"environmentVariables":{"GOOGLE_NODE_RUN_SCRIPTS":""},"serviceAccount":"projects/brandblitz-one/serviceAccounts/665204979652-compute@developer.gserviceaccount.com","automaticUpdatePolicy":{}},"serviceConfig":{"service":"projects/brandblitz-one/locations/us-central1/services/paypalwebhook","timeoutSeconds":60,"environmentVariables":{"FIREBASE_CONFIG":"{\"projectId\":\"brandblitz-one\",\"databaseURL\":\"https://brandblitz-one-default-rtdb.firebaseio.com\",\"storageBucket\":\"brandblitz-one.firebasestorage.app\"}","GCLOUD_PROJECT":"brandblitz-one","EVENTARC_CLOUD_EVENT_SOURCE":"projects/brandblitz-one/locations/us-central1/services/paypalWebhook","FUNCTION_TARGET":"paypalWebhook","LOG_EXECUTION_ID":"true"},"ingressSettings":"ALLOW_ALL","serviceAccountEmail":"665204979652-compute@developer.gserviceaccount.com","availableMemory":"256Mi","maxInstanceRequestConcurrency":80,"availableCpu":"1"},"labels":{"deployment-tool":"cli-firebase","firebase-functions-hash":"280a8206aeb3ba7c5534753a6cd9140ba809fe1e"},"environment":"GEN_2"},"stages":[{"name":"BUILD","state":"NOT_STARTED"},{"name":"SERVICE","state":"NOT_STARTED"}],"operationType":"CREATE_FUNCTION"},"done":false}
[debug] [2025-02-20T01:16:39.011Z] [create-default-us-central1-paypalWebhook] Retrying task index 0
[debug] [2025-02-20T01:16:39.011Z] Checked if tokens are valid: true, expires at: 1740015587821
[debug] [2025-02-20T01:16:39.011Z] Checked if tokens are valid: true, expires at: 1740015587821
[debug] [2025-02-20T01:16:39.011Z] >>> [apiv2][query] GET https://cloudfunctions.googleapis.com/v2/projects/brandblitz-one/locations/us-central1/operations/operation-1740014175265-62e889ed222a5-4b2d04d0-92ecf537 [none]
[debug] [2025-02-20T01:16:40.759Z] <<< [apiv2][status] GET https://cloudfunctions.googleapis.com/v2/projects/brandblitz-one/locations/us-central1/operations/operation-1740014175265-62e889ed222a5-4b2d04d0-92ecf537 200
[debug] [2025-02-20T01:16:40.759Z] <<< [apiv2][body] GET https://cloudfunctions.googleapis.com/v2/projects/brandblitz-one/locations/us-central1/operations/operation-1740014175265-62e889ed222a5-4b2d04d0-92ecf537 {"name":"projects/brandblitz-one/locations/us-central1/operations/operation-1740014175265-62e889ed222a5-4b2d04d0-92ecf537","metadata":{"@type":"type.googleapis.com/google.cloud.functions.v2.OperationMetadata","createTime":"2025-02-20T01:16:16.660779768Z","target":"projects/brandblitz-one/locations/us-central1/functions/paypalWebhook","verb":"create","cancelRequested":false,"apiVersion":"v2","requestResource":{"@type":"type.googleapis.com/google.cloud.functions.v2.Function","name":"projects/brandblitz-one/locations/us-central1/functions/paypalWebhook","buildConfig":{"runtime":"nodejs22","entryPoint":"paypalWebhook","source":{"storageSource":{"bucket":"gcf-v2-sources-665204979652-us-central1","object":"paypalWebhook/function-source.zip","generation":"1740014176312812"}},"environmentVariables":{"GOOGLE_NODE_RUN_SCRIPTS":""},"serviceAccount":"projects/brandblitz-one/serviceAccounts/665204979652-compute@developer.gserviceaccount.com","automaticUpdatePolicy":{}},"serviceConfig":{"service":"projects/brandblitz-one/locations/us-central1/services/paypalwebhook","timeoutSeconds":60,"environmentVariables":{"FIREBASE_CONFIG":"{\"projectId\":\"brandblitz-one\",\"databaseURL\":\"https://brandblitz-one-default-rtdb.firebaseio.com\",\"storageBucket\":\"brandblitz-one.firebasestorage.app\"}","GCLOUD_PROJECT":"brandblitz-one","EVENTARC_CLOUD_EVENT_SOURCE":"projects/brandblitz-one/locations/us-central1/services/paypalWebhook","FUNCTION_TARGET":"paypalWebhook","LOG_EXECUTION_ID":"true"},"ingressSettings":"ALLOW_ALL","serviceAccountEmail":"665204979652-compute@developer.gserviceaccount.com","availableMemory":"256Mi","maxInstanceRequestConcurrency":80,"availableCpu":"1"},"labels":{"deployment-tool":"cli-firebase","firebase-functions-hash":"280a8206aeb3ba7c5534753a6cd9140ba809fe1e"},"environment":"GEN_2"},"stages":[{"name":"BUILD","state":"NOT_STARTED"},{"name":"SERVICE","state":"NOT_STARTED"}],"operationType":"CREATE_FUNCTION"},"done":false}
[debug] [2025-02-20T01:16:50.759Z] [create-default-us-central1-paypalWebhook] Retrying task index 0
[debug] [2025-02-20T01:16:50.760Z] Checked if tokens are valid: true, expires at: 1740015587821
[debug] [2025-02-20T01:16:50.760Z] Checked if tokens are valid: true, expires at: 1740015587821
[debug] [2025-02-20T01:16:50.760Z] >>> [apiv2][query] GET https://cloudfunctions.googleapis.com/v2/projects/brandblitz-one/locations/us-central1/operations/operation-1740014175265-62e889ed222a5-4b2d04d0-92ecf537 [none]
[debug] [2025-02-20T01:16:52.132Z] <<< [apiv2][status] GET https://cloudfunctions.googleapis.com/v2/projects/brandblitz-one/locations/us-central1/operations/operation-1740014175265-62e889ed222a5-4b2d04d0-92ecf537 200
[debug] [2025-02-20T01:16:52.132Z] <<< [apiv2][body] GET https://cloudfunctions.googleapis.com/v2/projects/brandblitz-one/locations/us-central1/operations/operation-1740014175265-62e889ed222a5-4b2d04d0-92ecf537 {"name":"projects/brandblitz-one/locations/us-central1/operations/operation-1740014175265-62e889ed222a5-4b2d04d0-92ecf537","metadata":{"@type":"type.googleapis.com/google.cloud.functions.v2.OperationMetadata","createTime":"2025-02-20T01:16:16.660779768Z","target":"projects/brandblitz-one/locations/us-central1/functions/paypalWebhook","verb":"create","cancelRequested":false,"apiVersion":"v2","requestResource":{"@type":"type.googleapis.com/google.cloud.functions.v2.Function","name":"projects/brandblitz-one/locations/us-central1/functions/paypalWebhook","buildConfig":{"runtime":"nodejs22","entryPoint":"paypalWebhook","source":{"storageSource":{"bucket":"gcf-v2-sources-665204979652-us-central1","object":"paypalWebhook/function-source.zip","generation":"1740014176312812"}},"environmentVariables":{"GOOGLE_NODE_RUN_SCRIPTS":""},"serviceAccount":"projects/brandblitz-one/serviceAccounts/665204979652-compute@developer.gserviceaccount.com","automaticUpdatePolicy":{}},"serviceConfig":{"service":"projects/brandblitz-one/locations/us-central1/services/paypalwebhook","timeoutSeconds":60,"environmentVariables":{"FIREBASE_CONFIG":"{\"projectId\":\"brandblitz-one\",\"databaseURL\":\"https://brandblitz-one-default-rtdb.firebaseio.com\",\"storageBucket\":\"brandblitz-one.firebasestorage.app\"}","GCLOUD_PROJECT":"brandblitz-one","EVENTARC_CLOUD_EVENT_SOURCE":"projects/brandblitz-one/locations/us-central1/services/paypalWebhook","FUNCTION_TARGET":"paypalWebhook","LOG_EXECUTION_ID":"true"},"ingressSettings":"ALLOW_ALL","serviceAccountEmail":"665204979652-compute@developer.gserviceaccount.com","availableMemory":"256Mi","maxInstanceRequestConcurrency":80,"availableCpu":"1"},"labels":{"deployment-tool":"cli-firebase","firebase-functions-hash":"280a8206aeb3ba7c5534753a6cd9140ba809fe1e"},"environment":"GEN_2"},"stages":[{"name":"BUILD","state":"NOT_STARTED"},{"name":"SERVICE","state":"NOT_STARTED"}],"operationType":"CREATE_FUNCTION"},"done":false}
[debug] [2025-02-20T01:17:02.134Z] [create-default-us-central1-paypalWebhook] Retrying task index 0
[debug] [2025-02-20T01:17:02.134Z] Checked if tokens are valid: true, expires at: 1740015587821
[debug] [2025-02-20T01:17:02.134Z] Checked if tokens are valid: true, expires at: 1740015587821
[debug] [2025-02-20T01:17:02.134Z] >>> [apiv2][query] GET https://cloudfunctions.googleapis.com/v2/projects/brandblitz-one/locations/us-central1/operations/operation-1740014175265-62e889ed222a5-4b2d04d0-92ecf537 [none]
[debug] [2025-02-20T01:17:03.469Z] <<< [apiv2][status] GET https://cloudfunctions.googleapis.com/v2/projects/brandblitz-one/locations/us-central1/operations/operation-1740014175265-62e889ed222a5-4b2d04d0-92ecf537 200
[debug] [2025-02-20T01:17:03.469Z] <<< [apiv2][body] GET https://cloudfunctions.googleapis.com/v2/projects/brandblitz-one/locations/us-central1/operations/operation-1740014175265-62e889ed222a5-4b2d04d0-92ecf537 {"name":"projects/brandblitz-one/locations/us-central1/operations/operation-1740014175265-62e889ed222a5-4b2d04d0-92ecf537","metadata":{"@type":"type.googleapis.com/google.cloud.functions.v2.OperationMetadata","createTime":"2025-02-20T01:16:16.660779768Z","target":"projects/brandblitz-one/locations/us-central1/functions/paypalWebhook","verb":"create","cancelRequested":false,"apiVersion":"v2","requestResource":{"@type":"type.googleapis.com/google.cloud.functions.v2.Function","name":"projects/brandblitz-one/locations/us-central1/functions/paypalWebhook","buildConfig":{"runtime":"nodejs22","entryPoint":"paypalWebhook","source":{"storageSource":{"bucket":"gcf-v2-sources-665204979652-us-central1","object":"paypalWebhook/function-source.zip","generation":"1740014176312812"}},"environmentVariables":{"GOOGLE_NODE_RUN_SCRIPTS":""},"serviceAccount":"projects/brandblitz-one/serviceAccounts/665204979652-compute@developer.gserviceaccount.com","automaticUpdatePolicy":{}},"serviceConfig":{"service":"projects/brandblitz-one/locations/us-central1/services/paypalwebhook","timeoutSeconds":60,"environmentVariables":{"FIREBASE_CONFIG":"{\"projectId\":\"brandblitz-one\",\"databaseURL\":\"https://brandblitz-one-default-rtdb.firebaseio.com\",\"storageBucket\":\"brandblitz-one.firebasestorage.app\"}","GCLOUD_PROJECT":"brandblitz-one","EVENTARC_CLOUD_EVENT_SOURCE":"projects/brandblitz-one/locations/us-central1/services/paypalWebhook","FUNCTION_TARGET":"paypalWebhook","LOG_EXECUTION_ID":"true"},"ingressSettings":"ALLOW_ALL","serviceAccountEmail":"665204979652-compute@developer.gserviceaccount.com","availableMemory":"256Mi","maxInstanceRequestConcurrency":80,"availableCpu":"1"},"labels":{"deployment-tool":"cli-firebase","firebase-functions-hash":"280a8206aeb3ba7c5534753a6cd9140ba809fe1e"},"environment":"GEN_2"},"stages":[{"name":"BUILD","state":"NOT_STARTED"},{"name":"SERVICE","state":"NOT_STARTED"}],"operationType":"CREATE_FUNCTION"},"done":false}
[debug] [2025-02-20T01:17:13.469Z] [create-default-us-central1-paypalWebhook] Retrying task index 0
[debug] [2025-02-20T01:17:13.470Z] Checked if tokens are valid: true, expires at: 1740015587821
[debug] [2025-02-20T01:17:13.470Z] Checked if tokens are valid: true, expires at: 1740015587821
[debug] [2025-02-20T01:17:13.470Z] >>> [apiv2][query] GET https://cloudfunctions.googleapis.com/v2/projects/brandblitz-one/locations/us-central1/operations/operation-1740014175265-62e889ed222a5-4b2d04d0-92ecf537 [none]
[debug] [2025-02-20T01:17:14.960Z] <<< [apiv2][status] GET https://cloudfunctions.googleapis.com/v2/projects/brandblitz-one/locations/us-central1/operations/operation-1740014175265-62e889ed222a5-4b2d04d0-92ecf537 200
[debug] [2025-02-20T01:17:14.960Z] <<< [apiv2][body] GET https://cloudfunctions.googleapis.com/v2/projects/brandblitz-one/locations/us-central1/operations/operation-1740014175265-62e889ed222a5-4b2d04d0-92ecf537 {"name":"projects/brandblitz-one/locations/us-central1/operations/operation-1740014175265-62e889ed222a5-4b2d04d0-92ecf537","metadata":{"@type":"type.googleapis.com/google.cloud.functions.v2.OperationMetadata","createTime":"2025-02-20T01:16:16.660779768Z","target":"projects/brandblitz-one/locations/us-central1/functions/paypalWebhook","verb":"create","cancelRequested":false,"apiVersion":"v2","requestResource":{"@type":"type.googleapis.com/google.cloud.functions.v2.Function","name":"projects/brandblitz-one/locations/us-central1/functions/paypalWebhook","buildConfig":{"runtime":"nodejs22","entryPoint":"paypalWebhook","source":{"storageSource":{"bucket":"gcf-v2-sources-665204979652-us-central1","object":"paypalWebhook/function-source.zip","generation":"1740014176312812"}},"environmentVariables":{"GOOGLE_NODE_RUN_SCRIPTS":""},"serviceAccount":"projects/brandblitz-one/serviceAccounts/665204979652-compute@developer.gserviceaccount.com","automaticUpdatePolicy":{}},"serviceConfig":{"service":"projects/brandblitz-one/locations/us-central1/services/paypalwebhook","timeoutSeconds":60,"environmentVariables":{"FIREBASE_CONFIG":"{\"projectId\":\"brandblitz-one\",\"databaseURL\":\"https://brandblitz-one-default-rtdb.firebaseio.com\",\"storageBucket\":\"brandblitz-one.firebasestorage.app\"}","GCLOUD_PROJECT":"brandblitz-one","EVENTARC_CLOUD_EVENT_SOURCE":"projects/brandblitz-one/locations/us-central1/services/paypalWebhook","FUNCTION_TARGET":"paypalWebhook","LOG_EXECUTION_ID":"true"},"ingressSettings":"ALLOW_ALL","serviceAccountEmail":"665204979652-compute@developer.gserviceaccount.com","availableMemory":"256Mi","maxInstanceRequestConcurrency":80,"availableCpu":"1"},"labels":{"deployment-tool":"cli-firebase","firebase-functions-hash":"280a8206aeb3ba7c5534753a6cd9140ba809fe1e"},"environment":"GEN_2"},"stages":[{"name":"BUILD","state":"NOT_STARTED"},{"name":"SERVICE","state":"NOT_STARTED"}],"operationType":"CREATE_FUNCTION"},"done":false}
[debug] [2025-02-20T01:17:24.961Z] [create-default-us-central1-paypalWebhook] Retrying task index 0
[debug] [2025-02-20T01:17:24.961Z] Checked if tokens are valid: true, expires at: 1740015587821
[debug] [2025-02-20T01:17:24.961Z] Checked if tokens are valid: true, expires at: 1740015587821
[debug] [2025-02-20T01:17:24.961Z] >>> [apiv2][query] GET https://cloudfunctions.googleapis.com/v2/projects/brandblitz-one/locations/us-central1/operations/operation-1740014175265-62e889ed222a5-4b2d04d0-92ecf537 [none]
[debug] [2025-02-20T01:17:26.328Z] <<< [apiv2][status] GET https://cloudfunctions.googleapis.com/v2/projects/brandblitz-one/locations/us-central1/operations/operation-1740014175265-62e889ed222a5-4b2d04d0-92ecf537 200
[debug] [2025-02-20T01:17:26.329Z] <<< [apiv2][body] GET https://cloudfunctions.googleapis.com/v2/projects/brandblitz-one/locations/us-central1/operations/operation-1740014175265-62e889ed222a5-4b2d04d0-92ecf537 {"name":"projects/brandblitz-one/locations/us-central1/operations/operation-1740014175265-62e889ed222a5-4b2d04d0-92ecf537","metadata":{"@type":"type.googleapis.com/google.cloud.functions.v2.OperationMetadata","createTime":"2025-02-20T01:16:16.660779768Z","target":"projects/brandblitz-one/locations/us-central1/functions/paypalWebhook","verb":"create","cancelRequested":false,"apiVersion":"v2","requestResource":{"@type":"type.googleapis.com/google.cloud.functions.v2.Function","name":"projects/brandblitz-one/locations/us-central1/functions/paypalWebhook","buildConfig":{"runtime":"nodejs22","entryPoint":"paypalWebhook","source":{"storageSource":{"bucket":"gcf-v2-sources-665204979652-us-central1","object":"paypalWebhook/function-source.zip","generation":"1740014176312812"}},"environmentVariables":{"GOOGLE_NODE_RUN_SCRIPTS":""},"serviceAccount":"projects/brandblitz-one/serviceAccounts/665204979652-compute@developer.gserviceaccount.com","automaticUpdatePolicy":{}},"serviceConfig":{"service":"projects/brandblitz-one/locations/us-central1/services/paypalwebhook","timeoutSeconds":60,"environmentVariables":{"FIREBASE_CONFIG":"{\"projectId\":\"brandblitz-one\",\"databaseURL\":\"https://brandblitz-one-default-rtdb.firebaseio.com\",\"storageBucket\":\"brandblitz-one.firebasestorage.app\"}","GCLOUD_PROJECT":"brandblitz-one","EVENTARC_CLOUD_EVENT_SOURCE":"projects/brandblitz-one/locations/us-central1/services/paypalWebhook","FUNCTION_TARGET":"paypalWebhook","LOG_EXECUTION_ID":"true"},"ingressSettings":"ALLOW_ALL","serviceAccountEmail":"665204979652-compute@developer.gserviceaccount.com","availableMemory":"256Mi","maxInstanceRequestConcurrency":80,"availableCpu":"1"},"labels":{"deployment-tool":"cli-firebase","firebase-functions-hash":"280a8206aeb3ba7c5534753a6cd9140ba809fe1e"},"environment":"GEN_2"},"stages":[{"name":"BUILD","state":"NOT_STARTED"},{"name":"SERVICE","state":"NOT_STARTED"}],"operationType":"CREATE_FUNCTION"},"done":false}
[debug] [2025-02-20T01:17:36.330Z] [create-default-us-central1-paypalWebhook] Retrying task index 0
[debug] [2025-02-20T01:17:36.330Z] Checked if tokens are valid: true, expires at: 1740015587821
[debug] [2025-02-20T01:17:36.330Z] Checked if tokens are valid: true, expires at: 1740015587821
[debug] [2025-02-20T01:17:36.330Z] >>> [apiv2][query] GET https://cloudfunctions.googleapis.com/v2/projects/brandblitz-one/locations/us-central1/operations/operation-1740014175265-62e889ed222a5-4b2d04d0-92ecf537 [none]
[debug] [2025-02-20T01:17:37.693Z] <<< [apiv2][status] GET https://cloudfunctions.googleapis.com/v2/projects/brandblitz-one/locations/us-central1/operations/operation-1740014175265-62e889ed222a5-4b2d04d0-92ecf537 200
[debug] [2025-02-20T01:17:37.693Z] <<< [apiv2][body] GET https://cloudfunctions.googleapis.com/v2/projects/brandblitz-one/locations/us-central1/operations/operation-1740014175265-62e889ed222a5-4b2d04d0-92ecf537 {"name":"projects/brandblitz-one/locations/us-central1/operations/operation-1740014175265-62e889ed222a5-4b2d04d0-92ecf537","metadata":{"@type":"type.googleapis.com/google.cloud.functions.v2.OperationMetadata","createTime":"2025-02-20T01:16:16.660779768Z","target":"projects/brandblitz-one/locations/us-central1/functions/paypalWebhook","verb":"create","cancelRequested":false,"apiVersion":"v2","requestResource":{"@type":"type.googleapis.com/google.cloud.functions.v2.Function","name":"projects/brandblitz-one/locations/us-central1/functions/paypalWebhook","buildConfig":{"runtime":"nodejs22","entryPoint":"paypalWebhook","source":{"storageSource":{"bucket":"gcf-v2-sources-665204979652-us-central1","object":"paypalWebhook/function-source.zip","generation":"1740014176312812"}},"environmentVariables":{"GOOGLE_NODE_RUN_SCRIPTS":""},"serviceAccount":"projects/brandblitz-one/serviceAccounts/665204979652-compute@developer.gserviceaccount.com","automaticUpdatePolicy":{}},"serviceConfig":{"service":"projects/brandblitz-one/locations/us-central1/services/paypalwebhook","timeoutSeconds":60,"environmentVariables":{"FIREBASE_CONFIG":"{\"projectId\":\"brandblitz-one\",\"databaseURL\":\"https://brandblitz-one-default-rtdb.firebaseio.com\",\"storageBucket\":\"brandblitz-one.firebasestorage.app\"}","GCLOUD_PROJECT":"brandblitz-one","EVENTARC_CLOUD_EVENT_SOURCE":"projects/brandblitz-one/locations/us-central1/services/paypalWebhook","FUNCTION_TARGET":"paypalWebhook","LOG_EXECUTION_ID":"true"},"ingressSettings":"ALLOW_ALL","serviceAccountEmail":"665204979652-compute@developer.gserviceaccount.com","availableMemory":"256Mi","maxInstanceRequestConcurrency":80,"availableCpu":"1"},"labels":{"deployment-tool":"cli-firebase","firebase-functions-hash":"280a8206aeb3ba7c5534753a6cd9140ba809fe1e"},"environment":"GEN_2"},"stages":[{"name":"BUILD","message":"Build in progress","state":"IN_PROGRESS","resource":"projects/665204979652/locations/us-central1/builds/0efa9d2d-124b-458e-9893-a58a09b46b98","resourceUri":"https://console.cloud.google.com/cloud-build/builds;region=us-central1/0efa9d2d-124b-458e-9893-a58a09b46b98?project=665204979652"},{"name":"SERVICE","state":"NOT_STARTED"}],"operationType":"CREATE_FUNCTION","buildName":"projects/665204979652/locations/us-central1/builds/0efa9d2d-124b-458e-9893-a58a09b46b98"},"done":false}
[debug] [2025-02-20T01:17:47.694Z] [create-default-us-central1-paypalWebhook] Retrying task index 0
[debug] [2025-02-20T01:17:47.695Z] Checked if tokens are valid: true, expires at: 1740015587821
[debug] [2025-02-20T01:17:47.695Z] Checked if tokens are valid: true, expires at: 1740015587821
[debug] [2025-02-20T01:17:47.695Z] >>> [apiv2][query] GET https://cloudfunctions.googleapis.com/v2/projects/brandblitz-one/locations/us-central1/operations/operation-1740014175265-62e889ed222a5-4b2d04d0-92ecf537 [none]
[debug] [2025-02-20T01:17:49.071Z] <<< [apiv2][status] GET https://cloudfunctions.googleapis.com/v2/projects/brandblitz-one/locations/us-central1/operations/operation-1740014175265-62e889ed222a5-4b2d04d0-92ecf537 200
[debug] [2025-02-20T01:17:49.071Z] <<< [apiv2][body] GET https://cloudfunctions.googleapis.com/v2/projects/brandblitz-one/locations/us-central1/operations/operation-1740014175265-62e889ed222a5-4b2d04d0-92ecf537 {"name":"projects/brandblitz-one/locations/us-central1/operations/operation-1740014175265-62e889ed222a5-4b2d04d0-92ecf537","metadata":{"@type":"type.googleapis.com/google.cloud.functions.v2.OperationMetadata","createTime":"2025-02-20T01:16:16.660779768Z","target":"projects/brandblitz-one/locations/us-central1/functions/paypalWebhook","verb":"create","cancelRequested":false,"apiVersion":"v2","requestResource":{"@type":"type.googleapis.com/google.cloud.functions.v2.Function","name":"projects/brandblitz-one/locations/us-central1/functions/paypalWebhook","buildConfig":{"runtime":"nodejs22","entryPoint":"paypalWebhook","source":{"storageSource":{"bucket":"gcf-v2-sources-665204979652-us-central1","object":"paypalWebhook/function-source.zip","generation":"1740014176312812"}},"environmentVariables":{"GOOGLE_NODE_RUN_SCRIPTS":""},"serviceAccount":"projects/brandblitz-one/serviceAccounts/665204979652-compute@developer.gserviceaccount.com","automaticUpdatePolicy":{}},"serviceConfig":{"service":"projects/brandblitz-one/locations/us-central1/services/paypalwebhook","timeoutSeconds":60,"environmentVariables":{"FIREBASE_CONFIG":"{\"projectId\":\"brandblitz-one\",\"databaseURL\":\"https://brandblitz-one-default-rtdb.firebaseio.com\",\"storageBucket\":\"brandblitz-one.firebasestorage.app\"}","GCLOUD_PROJECT":"brandblitz-one","EVENTARC_CLOUD_EVENT_SOURCE":"projects/brandblitz-one/locations/us-central1/services/paypalWebhook","FUNCTION_TARGET":"paypalWebhook","LOG_EXECUTION_ID":"true"},"ingressSettings":"ALLOW_ALL","serviceAccountEmail":"665204979652-compute@developer.gserviceaccount.com","availableMemory":"256Mi","maxInstanceRequestConcurrency":80,"availableCpu":"1"},"labels":{"deployment-tool":"cli-firebase","firebase-functions-hash":"280a8206aeb3ba7c5534753a6cd9140ba809fe1e"},"environment":"GEN_2"},"stages":[{"name":"BUILD","message":"Build in progress","state":"IN_PROGRESS","resource":"projects/665204979652/locations/us-central1/builds/0efa9d2d-124b-458e-9893-a58a09b46b98","resourceUri":"https://console.cloud.google.com/cloud-build/builds;region=us-central1/0efa9d2d-124b-458e-9893-a58a09b46b98?project=665204979652"},{"name":"SERVICE","state":"NOT_STARTED"}],"operationType":"CREATE_FUNCTION","buildName":"projects/665204979652/locations/us-central1/builds/0efa9d2d-124b-458e-9893-a58a09b46b98"},"done":false}
